1652686258935	geckodriver	INFO	Listening on 127.0.0.1:41061
1652686259330	mozrunner::runner	INFO	Running command: "/usr/bin/firefox" "--marionette" "--headless" "--disable-dev-shm-usage" "--no-sandbox" "--remote-debugging-port" "52483" "--remote-allow-hosts" "localhost" "-no-remote" "-profile" "/tmp/rust_mozprofile9MQPSg"
*** You are running in headless mode.
[GFX1-]: glxtest: Unable to open a connection to the X server
[GFX1-]: glxtest: libEGL missing
1652686264557	Marionette	INFO	Marionette enabled
[GFX1-]: RenderCompositorSWGL failed mapping default framebuffer, no dt
console.warn: SearchSettings: "get: No settings file exists, new profile?" (new NotFoundError("Could not open the file at /tmp/rust_mozprofile9MQPSg/search.json.mozlz4", (void 0)))
DevTools listening on ws://localhost:52483/devtools/browser/3fc7162c-d169-4e53-bdcb-ac12688cf71d
1652686268098	Marionette	INFO	Listening on port 44397
Read port: 44397
1652686268214	RemoteAgent	WARN	TLS certificate errors will be ignored for this session
JavaScript warning: https://www.xe.com/_next/static/chunks/commons.c5900dfeb0c4c9dc8f03.js, line 1: unreachable code after return statement
JavaScript warning: https://z.moatads.com/exponential54894892/moatad.js#moatClientLevel1=790113&moatClientLevel2=14311042&moatClientLevel3=10773135&moatClientLevel4=728x90&moatClientSlicer1=14380&moatClientSlicer2=19931&zMoatRND=2053851155&zMoatCT=UNITED%20STATES&zMoatDEV=deviceID:170080;osID:190067;browserID:267932&zMoatCtn=teaser_076ed5aa-8586-3b38-a5b0-65a900ec07ff, line 244: WebGL warning: <Create>: WebglAllowWindowsNativeGl:false restricts context creation on this system.
JavaScript warning: https://z.moatads.com/exponential54894892/moatad.js#moatClientLevel1=790113&moatClientLevel2=14311042&moatClientLevel3=10773135&moatClientLevel4=728x90&moatClientSlicer1=14380&moatClientSlicer2=19931&zMoatRND=2053851155&zMoatCT=UNITED%20STATES&zMoatDEV=deviceID:170080;osID:190067;browserID:267932&zMoatCtn=teaser_076ed5aa-8586-3b38-a5b0-65a900ec07ff, line 244: Failed to create WebGL context: WebGL creation failed: 
* WebglAllowWindowsNativeGl:false restricts context creation on this system. ()
* Exhausted GL driver options. (FEATURE_FAILURE_WEBGL_EXHAUSTED_DRIVERS)
JavaScript warning: https://z.moatads.com/exponential54894892/moatad.js#moatClientLevel1=790113&moatClientLevel2=14311042&moatClientLevel3=10773135&moatClientLevel4=728x90&moatClientSlicer1=14380&moatClientSlicer2=19931&zMoatRND=2053851155&zMoatCT=UNITED%20STATES&zMoatDEV=deviceID:170080;osID:190067;browserID:267932&zMoatCtn=teaser_076ed5aa-8586-3b38-a5b0-65a900ec07ff, line 244: WebGL warning: <Create>: WebglAllowWindowsNativeGl:false restricts context creation on this system.
JavaScript warning: https://z.moatads.com/exponential54894892/moatad.js#moatClientLevel1=790113&moatClientLevel2=14311042&moatClientLevel3=10773135&moatClientLevel4=728x90&moatClientSlicer1=14380&moatClientSlicer2=19931&zMoatRND=2053851155&zMoatCT=UNITED%20STATES&zMoatDEV=deviceID:170080;osID:190067;browserID:267932&zMoatCtn=teaser_076ed5aa-8586-3b38-a5b0-65a900ec07ff, line 244: Failed to create WebGL context: WebGL creation failed: 
* WebglAllowWindowsNativeGl:false restricts context creation on this system. ()
* Exhausted GL driver options. (FEATURE_FAILURE_WEBGL_EXHAUSTED_DRIVERS)
JavaScript warning: https://z.moatads.com/acronymusdcm96279568658/moatad.js#moatClientLevel1=24363961&moatClientLevel2=2375614&moatClientLevel3=276640769&moatClientLevel4=165478124&zMoatG=ct=US&st=VA&city=0&dma=13&zp=&bw=3&zMoatADV=5239943&zMoatENV=i, line 242: WebGL warning: <Create>: WebglAllowWindowsNativeGl:false restricts context creation on this system.
JavaScript warning: https://z.moatads.com/acronymusdcm96279568658/moatad.js#moatClientLevel1=24363961&moatClientLevel2=2375614&moatClientLevel3=276640769&moatClientLevel4=165478124&zMoatG=ct=US&st=VA&city=0&dma=13&zp=&bw=3&zMoatADV=5239943&zMoatENV=i, line 242: Failed to create WebGL context: WebGL creation failed: 
* WebglAllowWindowsNativeGl:false restricts context creation on this system. ()
* Exhausted GL driver options. (FEATURE_FAILURE_WEBGL_EXHAUSTED_DRIVERS)
JavaScript warning: https://z.moatads.com/acronymusdcm96279568658/moatad.js#moatClientLevel1=24363961&moatClientLevel2=2375614&moatClientLevel3=276640769&moatClientLevel4=165478124&zMoatG=ct=US&st=VA&city=0&dma=13&zp=&bw=3&zMoatADV=5239943&zMoatENV=i, line 242: WebGL warning: <Create>: WebglAllowWindowsNativeGl:false restricts context creation on this system.
JavaScript warning: https://z.moatads.com/acronymusdcm96279568658/moatad.js#moatClientLevel1=24363961&moatClientLevel2=2375614&moatClientLevel3=276640769&moatClientLevel4=165478124&zMoatG=ct=US&st=VA&city=0&dma=13&zp=&bw=3&zMoatADV=5239943&zMoatENV=i, line 242: Failed to create WebGL context: WebGL creation failed: 
* WebglAllowWindowsNativeGl:false restricts context creation on this system. ()
* Exhausted GL driver options. (FEATURE_FAILURE_WEBGL_EXHAUSTED_DRIVERS)
JavaScript warning: https://cdn.flashtalking.com/frameworks/js/api/2/10/html5API.js, line 1: WebGL warning: <Create>: WebglAllowWindowsNativeGl:false restricts context creation on this system.
JavaScript warning: https://cdn.flashtalking.com/frameworks/js/api/2/10/html5API.js, line 1: Failed to create WebGL context: WebGL creation failed: 
* WebglAllowWindowsNativeGl:false restricts context creation on this system. ()
* Exhausted GL driver options. (FEATURE_FAILURE_WEBGL_EXHAUSTED_DRIVERS)
JavaScript warning: https://pagead2.googlesyndication.com/bg/NhRng2ZenZRcaPRuU0zAmqgyTOhBGXWeehn8uWk0bEI.js line 1 > eval line 7489 > eval line 1 > eval line 1 > eval, line 1: WebGL warning: <Create>: WebglAllowWindowsNativeGl:false restricts context creation on this system.
JavaScript warning: https://pagead2.googlesyndication.com/bg/NhRng2ZenZRcaPRuU0zAmqgyTOhBGXWeehn8uWk0bEI.js line 1 > eval line 7489 > eval line 1 > eval line 1 > eval, line 1: Failed to create WebGL context: WebGL creation failed: 
* WebglAllowWindowsNativeGl:false restricts context creation on this system. ()
* Exhausted GL driver options. (FEATURE_FAILURE_WEBGL_EXHAUSTED_DRIVERS)
JavaScript error: , line 0: uncaught exception: 7
JavaScript error: https://www.gstatic.com/firebasejs/7.6.0/firebase-messaging.js, line 1: Error: Cannot instantiate firebase-messaging - be sure to load firebase-app.js first.
1652686296881	Marionette	INFO	Stopped listening on port 44397

###!!! [Parent][PBackgroundParent] Error: RunMessage(msgname=PMessagePort::Msg_Close) Channel closing: too late to send/recv, messages will be lost


###!!! [Parent][PContentParent] Error: Send(msgname=PContent::Msg_DestroyBrowsingContextGroup) Closed channel: cannot send/recv


###!!! [Child][PContentChild] Error: Send(msgname=PNecko::Msg_RemoveRequestContext) Channel closing: too late to send/recv, messages will be lost


###!!! [Child][PContentChild] Error: RunMessage(msgname=PHttpChannel::Msg_DeleteSelf) Channel closing: too late to send/recv, messages will be lost


###!!! [Child][PContentChild] Error: RunMessage(msgname=PContent::Reply_DiscardBrowsingContext) Channel closing: too late to send/recv, messages will be lost


###!!! [Child][PContentChild] Error: RunMessage(msgname=PContent::Reply_DiscardBrowsingContext) Channel closing: too late to send/recv, messages will be lost


###!!! [Child][PContentChild] Error: RunMessage(msgname=PContent::Reply_DiscardBrowsingContext) Channel closing: too late to send/recv, messages will be lost


###!!! [Child][PContentChild] Error: RunMessage(msgname=PContent::Reply_DiscardBrowsingContext) Channel closing: too late to send/recv, messages will be lost


###!!! [Child][PContentChild] Error: RunMessage(msgname=PContent::Reply_DiscardBrowsingContext) Channel closing: too late to send/recv, messages will be lost

1652716156073	geckodriver	INFO	Listening on 127.0.0.1:48153
1652716156408	mozrunner::runner	INFO	Running command: "/usr/bin/firefox" "--marionette" "--headless" "--disable-dev-shm-usage" "--no-sandbox" "--remote-debugging-port" "43417" "--remote-allow-hosts" "localhost" "-no-remote" "-profile" "/tmp/rust_mozprofileT68toF"
*** You are running in headless mode.
[GFX1-]: glxtest: Unable to open a connection to the X server
[GFX1-]: glxtest: libEGL missing
1652716160295	Marionette	INFO	Marionette enabled
[GFX1-]: RenderCompositorSWGL failed mapping default framebuffer, no dt
console.warn: SearchSettings: "get: No settings file exists, new profile?" (new NotFoundError("Could not open the file at /tmp/rust_mozprofileT68toF/search.json.mozlz4", (void 0)))
DevTools listening on ws://localhost:43417/devtools/browser/f60aee08-3a1a-47e1-b66d-65482d13b883
1652716164136	Marionette	INFO	Listening on port 32971
Read port: 32971
1652716164350	RemoteAgent	WARN	TLS certificate errors will be ignored for this session
JavaScript warning: https://www.xe.com/_next/static/chunks/commons.c5900dfeb0c4c9dc8f03.js, line 1: unreachable code after return statement
JavaScript warning: https://cdn.flashtalking.com/frameworks/js/api/2/10/html5API.js, line 1: WebGL warning: <Create>: WebglAllowWindowsNativeGl:false restricts context creation on this system.
JavaScript warning: https://cdn.flashtalking.com/frameworks/js/api/2/10/html5API.js, line 1: Failed to create WebGL context: WebGL creation failed: 
* WebglAllowWindowsNativeGl:false restricts context creation on this system. ()
* Exhausted GL driver options. (FEATURE_FAILURE_WEBGL_EXHAUSTED_DRIVERS)
JavaScript warning: https://pagead2.googlesyndication.com/bg/g51hIJTSSbKmE1DfHFqbr9lDc41juRM9f8n7HMlSD3A.js line 1 > eval line 5175 > eval line 1 > eval line 1 > eval, line 1: WebGL warning: <Create>: WebglAllowWindowsNativeGl:false restricts context creation on this system.
JavaScript warning: https://pagead2.googlesyndication.com/bg/g51hIJTSSbKmE1DfHFqbr9lDc41juRM9f8n7HMlSD3A.js line 1 > eval line 5175 > eval line 1 > eval line 1 > eval, line 1: Failed to create WebGL context: WebGL creation failed: 
* WebglAllowWindowsNativeGl:false restricts context creation on this system. ()
* Exhausted GL driver options. (FEATURE_FAILURE_WEBGL_EXHAUSTED_DRIVERS)
JavaScript error: https://www.gstatic.com/firebasejs/7.6.0/firebase-messaging.js, line 1: Error: Cannot instantiate firebase-messaging - be sure to load firebase-app.js first.
1652716184096	Marionette	INFO	Stopped listening on port 32971

###!!! [Parent][PContentParent] Error: Send(msgname=PContent::Msg_DestroyBrowsingContextGroup) Closed channel: cannot send/recv

