1652713206114	geckodriver	INFO	Listening on 127.0.0.1:51495
1652713206647	mozrunner::runner	INFO	Running command: "/usr/bin/firefox" "--marionette" "--headless" "--disable-dev-shm-usage" "--no-sandbox" "--remote-debugging-port" "40969" "--remote-allow-hosts" "localhost" "-no-remote" "-profile" "/tmp/rust_mozprofilen1oPtq"
*** You are running in headless mode.
[GFX1-]: glxtest: Unable to open a connection to the X server
[GFX1-]: glxtest: libEGL missing
1652713214895	Marionette	INFO	Marionette enabled
[GFX1-]: RenderCompositorSWGL failed mapping default framebuffer, no dt
console.warn: SearchSettings: "get: No settings file exists, new profile?" (new NotFoundError("Could not open the file at /tmp/rust_mozprofilen1oPtq/search.json.mozlz4", (void 0)))
DevTools listening on ws://localhost:40969/devtools/browser/f7f32c73-3ee4-4aec-9f81-52ae15b6d004
1652713221862	Marionette	INFO	Listening on port 41687
Read port: 41687
1652713221964	RemoteAgent	WARN	TLS certificate errors will be ignored for this session
JavaScript warning: https://www.xe.com/_next/static/chunks/commons.c5900dfeb0c4c9dc8f03.js, line 1: unreachable code after return statement
JavaScript warning: https://z.moatads.com/exponential54894892/moatad.js#moatClientLevel1=798073&moatClientLevel2=14360512&moatClientLevel3=10885835&moatClientLevel4=728x90&moatClientSlicer1=14380&moatClientSlicer2=19931&zMoatRND=2121169707&zMoatCT=UNITED%20STATES&zMoatDEV=deviceID:170080;osID:190067;browserID:267932&zMoatCtn=teaser_ac493158-9324-6be3-cf52-84d0789cb88b, line 244: WebGL warning: <Create>: WebglAllowWindowsNativeGl:false restricts context creation on this system.
JavaScript warning: https://z.moatads.com/exponential54894892/moatad.js#moatClientLevel1=798073&moatClientLevel2=14360512&moatClientLevel3=10885835&moatClientLevel4=728x90&moatClientSlicer1=14380&moatClientSlicer2=19931&zMoatRND=2121169707&zMoatCT=UNITED%20STATES&zMoatDEV=deviceID:170080;osID:190067;browserID:267932&zMoatCtn=teaser_ac493158-9324-6be3-cf52-84d0789cb88b, line 244: Failed to create WebGL context: WebGL creation failed: 
* WebglAllowWindowsNativeGl:false restricts context creation on this system. ()
* Exhausted GL driver options. (FEATURE_FAILURE_WEBGL_EXHAUSTED_DRIVERS)
JavaScript warning: https://z.moatads.com/exponential54894892/moatad.js#moatClientLevel1=798073&moatClientLevel2=14360512&moatClientLevel3=10885835&moatClientLevel4=728x90&moatClientSlicer1=14380&moatClientSlicer2=19931&zMoatRND=2121169707&zMoatCT=UNITED%20STATES&zMoatDEV=deviceID:170080;osID:190067;browserID:267932&zMoatCtn=teaser_ac493158-9324-6be3-cf52-84d0789cb88b, line 244: WebGL warning: <Create>: WebglAllowWindowsNativeGl:false restricts context creation on this system.
JavaScript warning: https://z.moatads.com/exponential54894892/moatad.js#moatClientLevel1=798073&moatClientLevel2=14360512&moatClientLevel3=10885835&moatClientLevel4=728x90&moatClientSlicer1=14380&moatClientSlicer2=19931&zMoatRND=2121169707&zMoatCT=UNITED%20STATES&zMoatDEV=deviceID:170080;osID:190067;browserID:267932&zMoatCtn=teaser_ac493158-9324-6be3-cf52-84d0789cb88b, line 244: Failed to create WebGL context: WebGL creation failed: 
* WebglAllowWindowsNativeGl:false restricts context creation on this system. ()
* Exhausted GL driver options. (FEATURE_FAILURE_WEBGL_EXHAUSTED_DRIVERS)
JavaScript warning: https://cdn.flashtalking.com/frameworks/js/api/2/10/html5API.js, line 1: WebGL warning: <Create>: WebglAllowWindowsNativeGl:false restricts context creation on this system.
JavaScript warning: https://cdn.flashtalking.com/frameworks/js/api/2/10/html5API.js, line 1: Failed to create WebGL context: WebGL creation failed: 
* WebglAllowWindowsNativeGl:false restricts context creation on this system. ()
* Exhausted GL driver options. (FEATURE_FAILURE_WEBGL_EXHAUSTED_DRIVERS)
JavaScript warning: https://pagead2.googlesyndication.com/bg/Ye9v6Im9tluz9H2voON4Knt27QwLK-_39wqINbvc4zs.js line 1 > eval line 3609 > eval line 1 > eval line 1 > eval, line 1: WebGL warning: <Create>: WebglAllowWindowsNativeGl:false restricts context creation on this system.
JavaScript warning: https://pagead2.googlesyndication.com/bg/Ye9v6Im9tluz9H2voON4Knt27QwLK-_39wqINbvc4zs.js line 1 > eval line 3609 > eval line 1 > eval line 1 > eval, line 1: Failed to create WebGL context: WebGL creation failed: 
* WebglAllowWindowsNativeGl:false restricts context creation on this system. ()
* Exhausted GL driver options. (FEATURE_FAILURE_WEBGL_EXHAUSTED_DRIVERS)
1652713228516	Marionette	WARN	Ignoring event 'DOMContentLoaded' because document has an invalid readyState of 'complete'.
JavaScript error: https://cdnx.tribalfusion.com/media/common/richmedia/html5/7.12.0-11/js/creative.js, line 5: TypeError: e is undefined
JavaScript error: , line 0: TypeError: NetworkError when attempting to fetch resource.
1652713287163	Marionette	INFO	Stopped listening on port 41687
1652740686810	geckodriver	INFO	Listening on 127.0.0.1:52799
1652740687224	mozrunner::runner	INFO	Running command: "/usr/bin/firefox" "--marionette" "--headless" "--disable-dev-shm-usage" "--no-sandbox" "--remote-debugging-port" "39611" "--remote-allow-hosts" "localhost" "-no-remote" "-profile" "/tmp/rust_mozprofileL16F0u"
*** You are running in headless mode.
[GFX1-]: glxtest: Unable to open a connection to the X server
[GFX1-]: glxtest: libEGL missing
1652740690287	Marionette	INFO	Marionette enabled
[GFX1-]: RenderCompositorSWGL failed mapping default framebuffer, no dt
console.warn: SearchSettings: "get: No settings file exists, new profile?" (new NotFoundError("Could not open the file at /tmp/rust_mozprofileL16F0u/search.json.mozlz4", (void 0)))
DevTools listening on ws://localhost:39611/devtools/browser/b7ddae54-a1c0-479a-9eca-8fe0c3715034
1652740693610	Marionette	INFO	Listening on port 33469
Read port: 33469
1652740693674	RemoteAgent	WARN	TLS certificate errors will be ignored for this session
JavaScript warning: https://www.xe.com/_next/static/chunks/commons.c5900dfeb0c4c9dc8f03.js, line 1: unreachable code after return statement
JavaScript warning: https://cdn.flashtalking.com/frameworks/js/api/2/10/html5API.js, line 1: WebGL warning: <Create>: WebglAllowWindowsNativeGl:false restricts context creation on this system.
JavaScript warning: https://cdn.flashtalking.com/frameworks/js/api/2/10/html5API.js, line 1: Failed to create WebGL context: WebGL creation failed: 
* WebglAllowWindowsNativeGl:false restricts context creation on this system. ()
* Exhausted GL driver options. (FEATURE_FAILURE_WEBGL_EXHAUSTED_DRIVERS)
JavaScript warning: https://z.moatads.com/acronymusdcm96279568658/moatad.js#moatClientLevel1=24363961&moatClientLevel2=2375614&moatClientLevel3=276951040&moatClientLevel4=165469976&zMoatG=ct=US&st=VA&city=0&dma=13&zp=&bw=3&zMoatADV=5239943&zMoatENV=i, line 242: WebGL warning: <Create>: WebglAllowWindowsNativeGl:false restricts context creation on this system.
JavaScript warning: https://z.moatads.com/acronymusdcm96279568658/moatad.js#moatClientLevel1=24363961&moatClientLevel2=2375614&moatClientLevel3=276951040&moatClientLevel4=165469976&zMoatG=ct=US&st=VA&city=0&dma=13&zp=&bw=3&zMoatADV=5239943&zMoatENV=i, line 242: Failed to create WebGL context: WebGL creation failed: 
* WebglAllowWindowsNativeGl:false restricts context creation on this system. ()
* Exhausted GL driver options. (FEATURE_FAILURE_WEBGL_EXHAUSTED_DRIVERS)
JavaScript warning: https://z.moatads.com/acronymusdcm96279568658/moatad.js#moatClientLevel1=24363961&moatClientLevel2=2375614&moatClientLevel3=276951040&moatClientLevel4=165469976&zMoatG=ct=US&st=VA&city=0&dma=13&zp=&bw=3&zMoatADV=5239943&zMoatENV=i, line 242: WebGL warning: <Create>: WebglAllowWindowsNativeGl:false restricts context creation on this system.
JavaScript warning: https://z.moatads.com/acronymusdcm96279568658/moatad.js#moatClientLevel1=24363961&moatClientLevel2=2375614&moatClientLevel3=276951040&moatClientLevel4=165469976&zMoatG=ct=US&st=VA&city=0&dma=13&zp=&bw=3&zMoatADV=5239943&zMoatENV=i, line 242: Failed to create WebGL context: WebGL creation failed: 
* WebglAllowWindowsNativeGl:false restricts context creation on this system. ()
* Exhausted GL driver options. (FEATURE_FAILURE_WEBGL_EXHAUSTED_DRIVERS)
1652740698972	Marionette	WARN	Ignoring event 'DOMContentLoaded' because document has an invalid readyState of 'complete'.
JavaScript error: , line 0: uncaught exception: 7
JavaScript warning: https://pagead2.googlesyndication.com/bg/NhRng2ZenZRcaPRuU0zAmqgyTOhBGXWeehn8uWk0bEI.js line 1 > eval line 6273 > eval line 1 > eval line 1 > eval, line 1: WebGL warning: <Create>: WebglAllowWindowsNativeGl:false restricts context creation on this system.
JavaScript warning: https://pagead2.googlesyndication.com/bg/NhRng2ZenZRcaPRuU0zAmqgyTOhBGXWeehn8uWk0bEI.js line 1 > eval line 6273 > eval line 1 > eval line 1 > eval, line 1: Failed to create WebGL context: WebGL creation failed: 
* WebglAllowWindowsNativeGl:false restricts context creation on this system. ()
* Exhausted GL driver options. (FEATURE_FAILURE_WEBGL_EXHAUSTED_DRIVERS)
JavaScript warning: https://pagead2.googlesyndication.com/bg/NhRng2ZenZRcaPRuU0zAmqgyTOhBGXWeehn8uWk0bEI.js line 1 > eval line 7434 > eval line 1 > eval line 1 > eval, line 1: WebGL warning: <Create>: WebglAllowWindowsNativeGl:false restricts context creation on this system.
JavaScript warning: https://pagead2.googlesyndication.com/bg/NhRng2ZenZRcaPRuU0zAmqgyTOhBGXWeehn8uWk0bEI.js line 1 > eval line 7434 > eval line 1 > eval line 1 > eval, line 1: Failed to create WebGL context: WebGL creation failed: 
* WebglAllowWindowsNativeGl:false restricts context creation on this system. ()
* Exhausted GL driver options. (FEATURE_FAILURE_WEBGL_EXHAUSTED_DRIVERS)
JavaScript error: , line 0: TypeError: NetworkError when attempting to fetch resource.
JavaScript error: , line 0: TypeError: NetworkError when attempting to fetch resource.
1652740751530	Marionette	INFO	Stopped listening on port 33469

###!!! [Parent][PContentParent] Error: Send(msgname=PContent::Reply_DiscardBrowsingContext) Closed channel: cannot send/recv


###!!! [Parent][PContentParent] Error: Send(msgname=PContent::Reply_DiscardBrowsingContext) Closed channel: cannot send/recv


###!!! [Parent][PContentParent] Error: Send(msgname=PContent::Msg_DestroyBrowsingContextGroup) Closed channel: cannot send/recv

1652755887821	geckodriver	INFO	Listening on 127.0.0.1:39525
1652755888188	mozrunner::runner	INFO	Running command: "/usr/bin/firefox" "--marionette" "--headless" "--disable-dev-shm-usage" "--no-sandbox" "--remote-debugging-port" "57869" "--remote-allow-hosts" "localhost" "-no-remote" "-profile" "/tmp/rust_mozprofileC6b6Yv"
*** You are running in headless mode.
[GFX1-]: glxtest: Unable to open a connection to the X server
[GFX1-]: glxtest: libEGL missing
1652755891771	Marionette	INFO	Marionette enabled
[GFX1-]: RenderCompositorSWGL failed mapping default framebuffer, no dt
console.warn: SearchSettings: "get: No settings file exists, new profile?" (new NotFoundError("Could not open the file at /tmp/rust_mozprofileC6b6Yv/search.json.mozlz4", (void 0)))
DevTools listening on ws://localhost:57869/devtools/browser/987ee72d-1a09-43df-a19b-e763c770a7ec
1652755894789	Marionette	INFO	Listening on port 44993
Read port: 44993
1652755894844	RemoteAgent	WARN	TLS certificate errors will be ignored for this session
JavaScript warning: https://www.xe.com/_next/static/chunks/commons.c5900dfeb0c4c9dc8f03.js, line 1: unreachable code after return statement
JavaScript warning: https://cdn.flashtalking.com/frameworks/js/api/2/10/html5API.js, line 1: WebGL warning: <Create>: WebglAllowWindowsNativeGl:false restricts context creation on this system.
JavaScript warning: https://cdn.flashtalking.com/frameworks/js/api/2/10/html5API.js, line 1: Failed to create WebGL context: WebGL creation failed: 
* WebglAllowWindowsNativeGl:false restricts context creation on this system. ()
* Exhausted GL driver options. (FEATURE_FAILURE_WEBGL_EXHAUSTED_DRIVERS)
JavaScript warning: https://z.moatads.com/exponential54894892/moatad.js#moatClientLevel1=766153&moatClientLevel2=14333182&moatClientLevel3=10824565&moatClientLevel4=728x90&moatClientSlicer1=14380&moatClientSlicer2=19931&zMoatRND=85413860&zMoatCT=UNITED%20STATES&zMoatDEV=deviceID:170080;osID:190067;browserID:267932&zMoatCtn=teaser_d3aaae79-f106-7854-27c1-2480fbbaeed1, line 244: WebGL warning: <Create>: WebglAllowWindowsNativeGl:false restricts context creation on this system.
JavaScript warning: https://z.moatads.com/exponential54894892/moatad.js#moatClientLevel1=766153&moatClientLevel2=14333182&moatClientLevel3=10824565&moatClientLevel4=728x90&moatClientSlicer1=14380&moatClientSlicer2=19931&zMoatRND=85413860&zMoatCT=UNITED%20STATES&zMoatDEV=deviceID:170080;osID:190067;browserID:267932&zMoatCtn=teaser_d3aaae79-f106-7854-27c1-2480fbbaeed1, line 244: Failed to create WebGL context: WebGL creation failed: 
* WebglAllowWindowsNativeGl:false restricts context creation on this system. ()
* Exhausted GL driver options. (FEATURE_FAILURE_WEBGL_EXHAUSTED_DRIVERS)
JavaScript warning: https://z.moatads.com/exponential54894892/moatad.js#moatClientLevel1=766153&moatClientLevel2=14333182&moatClientLevel3=10824565&moatClientLevel4=728x90&moatClientSlicer1=14380&moatClientSlicer2=19931&zMoatRND=85413860&zMoatCT=UNITED%20STATES&zMoatDEV=deviceID:170080;osID:190067;browserID:267932&zMoatCtn=teaser_d3aaae79-f106-7854-27c1-2480fbbaeed1, line 244: WebGL warning: <Create>: WebglAllowWindowsNativeGl:false restricts context creation on this system.
JavaScript warning: https://z.moatads.com/exponential54894892/moatad.js#moatClientLevel1=766153&moatClientLevel2=14333182&moatClientLevel3=10824565&moatClientLevel4=728x90&moatClientSlicer1=14380&moatClientSlicer2=19931&zMoatRND=85413860&zMoatCT=UNITED%20STATES&zMoatDEV=deviceID:170080;osID:190067;browserID:267932&zMoatCtn=teaser_d3aaae79-f106-7854-27c1-2480fbbaeed1, line 244: Failed to create WebGL context: WebGL creation failed: 
* WebglAllowWindowsNativeGl:false restricts context creation on this system. ()
* Exhausted GL driver options. (FEATURE_FAILURE_WEBGL_EXHAUSTED_DRIVERS)
JavaScript warning: https://z.moatads.com/acronymusdcm96279568658/moatad.js#moatClientLevel1=24363961&moatClientLevel2=2375614&moatClientLevel3=276641357&moatClientLevel4=157557735&zMoatG=ct=US&st=AZ&city=13428&dma=173&zp=&bw=4&zMoatADV=5239943&zMoatENV=i, line 242: WebGL warning: <Create>: WebglAllowWindowsNativeGl:false restricts context creation on this system.
JavaScript warning: https://z.moatads.com/acronymusdcm96279568658/moatad.js#moatClientLevel1=24363961&moatClientLevel2=2375614&moatClientLevel3=276641357&moatClientLevel4=157557735&zMoatG=ct=US&st=AZ&city=13428&dma=173&zp=&bw=4&zMoatADV=5239943&zMoatENV=i, line 242: Failed to create WebGL context: WebGL creation failed: 
* WebglAllowWindowsNativeGl:false restricts context creation on this system. ()
* Exhausted GL driver options. (FEATURE_FAILURE_WEBGL_EXHAUSTED_DRIVERS)
JavaScript warning: https://z.moatads.com/acronymusdcm96279568658/moatad.js#moatClientLevel1=24363961&moatClientLevel2=2375614&moatClientLevel3=276641357&moatClientLevel4=157557735&zMoatG=ct=US&st=AZ&city=13428&dma=173&zp=&bw=4&zMoatADV=5239943&zMoatENV=i, line 242: WebGL warning: <Create>: WebglAllowWindowsNativeGl:false restricts context creation on this system.
JavaScript warning: https://z.moatads.com/acronymusdcm96279568658/moatad.js#moatClientLevel1=24363961&moatClientLevel2=2375614&moatClientLevel3=276641357&moatClientLevel4=157557735&zMoatG=ct=US&st=AZ&city=13428&dma=173&zp=&bw=4&zMoatADV=5239943&zMoatENV=i, line 242: Failed to create WebGL context: WebGL creation failed: 
* WebglAllowWindowsNativeGl:false restricts context creation on this system. ()
* Exhausted GL driver options. (FEATURE_FAILURE_WEBGL_EXHAUSTED_DRIVERS)
1652755899202	Marionette	WARN	Ignoring event 'DOMContentLoaded' because document has an invalid readyState of 'complete'.
JavaScript error: , line 0: uncaught exception: 7
JavaScript warning: https://pagead2.googlesyndication.com/bg/Yd3cEgPtLOfKcy7GxWkHziCM9jl-6RVWGk-YTJsF5Kc.js line 1 > eval line 6321 > eval line 1 > eval line 1 > eval, line 1: WebGL warning: <Create>: WebglAllowWindowsNativeGl:false restricts context creation on this system.
JavaScript warning: https://pagead2.googlesyndication.com/bg/Yd3cEgPtLOfKcy7GxWkHziCM9jl-6RVWGk-YTJsF5Kc.js line 1 > eval line 6321 > eval line 1 > eval line 1 > eval, line 1: Failed to create WebGL context: WebGL creation failed: 
* WebglAllowWindowsNativeGl:false restricts context creation on this system. ()
* Exhausted GL driver options. (FEATURE_FAILURE_WEBGL_EXHAUSTED_DRIVERS)
JavaScript error: , line 0: TypeError: NetworkError when attempting to fetch resource.
1652755948280	Marionette	INFO	Stopped listening on port 44993
1652827124417	geckodriver	INFO	Listening on 127.0.0.1:51355
1652827124594	mozrunner::runner	INFO	Running command: "/usr/bin/firefox" "--marionette" "--headless" "--disable-dev-shm-usage" "--no-sandbox" "--remote-debugging-port" "34191" "--remote-allow-hosts" "localhost" "-no-remote" "-profile" "/tmp/rust_mozprofileYZBJHq"
*** You are running in headless mode.
[GFX1-]: glxtest: Unable to open a connection to the X server
[GFX1-]: glxtest: libEGL missing
1652827128821	Marionette	INFO	Marionette enabled
[GFX1-]: RenderCompositorSWGL failed mapping default framebuffer, no dt
console.warn: SearchSettings: "get: No settings file exists, new profile?" (new NotFoundError("Could not open the file at /tmp/rust_mozprofileYZBJHq/search.json.mozlz4", (void 0)))
DevTools listening on ws://localhost:34191/devtools/browser/96cbffa9-537d-4110-a8e4-ec9d871697de
1652827133158	Marionette	INFO	Listening on port 35643
Read port: 35643
1652827133296	RemoteAgent	WARN	TLS certificate errors will be ignored for this session
JavaScript warning: https://www.xe.com/_next/static/chunks/commons.c5900dfeb0c4c9dc8f03.js, line 1: unreachable code after return statement
JavaScript warning: https://cdn.flashtalking.com/frameworks/js/api/2/10/html5API.js, line 1: WebGL warning: <Create>: WebglAllowWindowsNativeGl:false restricts context creation on this system.
JavaScript warning: https://cdn.flashtalking.com/frameworks/js/api/2/10/html5API.js, line 1: Failed to create WebGL context: WebGL creation failed: 
* WebglAllowWindowsNativeGl:false restricts context creation on this system. ()
* Exhausted GL driver options. (FEATURE_FAILURE_WEBGL_EXHAUSTED_DRIVERS)
JavaScript warning: https://z.moatads.com/acronymusdcm96279568658/moatad.js#moatClientLevel1=24363961&moatClientLevel2=2375614&moatClientLevel3=276641297&moatClientLevel4=157558065&zMoatG=ct=US&st=VA&city=0&dma=13&zp=&bw=4&zMoatADV=5239943&zMoatENV=i, line 242: WebGL warning: <Create>: WebglAllowWindowsNativeGl:false restricts context creation on this system.
JavaScript warning: https://z.moatads.com/acronymusdcm96279568658/moatad.js#moatClientLevel1=24363961&moatClientLevel2=2375614&moatClientLevel3=276641297&moatClientLevel4=157558065&zMoatG=ct=US&st=VA&city=0&dma=13&zp=&bw=4&zMoatADV=5239943&zMoatENV=i, line 242: Failed to create WebGL context: WebGL creation failed: 
* WebglAllowWindowsNativeGl:false restricts context creation on this system. ()
* Exhausted GL driver options. (FEATURE_FAILURE_WEBGL_EXHAUSTED_DRIVERS)
JavaScript warning: https://z.moatads.com/acronymusdcm96279568658/moatad.js#moatClientLevel1=24363961&moatClientLevel2=2375614&moatClientLevel3=276641297&moatClientLevel4=157558065&zMoatG=ct=US&st=VA&city=0&dma=13&zp=&bw=4&zMoatADV=5239943&zMoatENV=i, line 242: WebGL warning: <Create>: WebglAllowWindowsNativeGl:false restricts context creation on this system.
JavaScript warning: https://z.moatads.com/acronymusdcm96279568658/moatad.js#moatClientLevel1=24363961&moatClientLevel2=2375614&moatClientLevel3=276641297&moatClientLevel4=157558065&zMoatG=ct=US&st=VA&city=0&dma=13&zp=&bw=4&zMoatADV=5239943&zMoatENV=i, line 242: Failed to create WebGL context: WebGL creation failed: 
* WebglAllowWindowsNativeGl:false restricts context creation on this system. ()
* Exhausted GL driver options. (FEATURE_FAILURE_WEBGL_EXHAUSTED_DRIVERS)
JavaScript error: , line 0: uncaught exception: 7
JavaScript warning: https://pagead2.googlesyndication.com/bg/-xusYJ2at0dbS1ujZyBHkA92CrhnscK4RJsdXU_Rclk.js line 1 > eval line 391 > eval line 1 > eval line 1 > eval, line 1: WebGL warning: <Create>: WebglAllowWindowsNativeGl:false restricts context creation on this system.
JavaScript warning: https://pagead2.googlesyndication.com/bg/-xusYJ2at0dbS1ujZyBHkA92CrhnscK4RJsdXU_Rclk.js line 1 > eval line 391 > eval line 1 > eval line 1 > eval, line 1: Failed to create WebGL context: WebGL creation failed: 
* WebglAllowWindowsNativeGl:false restricts context creation on this system. ()
* Exhausted GL driver options. (FEATURE_FAILURE_WEBGL_EXHAUSTED_DRIVERS)
JavaScript warning: https://pagead2.googlesyndication.com/bg/-xusYJ2at0dbS1ujZyBHkA92CrhnscK4RJsdXU_Rclk.js line 1 > eval line 5461 > eval line 1 > eval line 1 > eval, line 1: WebGL warning: <Create>: WebglAllowWindowsNativeGl:false restricts context creation on this system.
JavaScript warning: https://pagead2.googlesyndication.com/bg/-xusYJ2at0dbS1ujZyBHkA92CrhnscK4RJsdXU_Rclk.js line 1 > eval line 5461 > eval line 1 > eval line 1 > eval, line 1: Failed to create WebGL context: WebGL creation failed: 
* WebglAllowWindowsNativeGl:false restricts context creation on this system. ()
* Exhausted GL driver options. (FEATURE_FAILURE_WEBGL_EXHAUSTED_DRIVERS)
JavaScript error: , line 0: TypeError: NetworkError when attempting to fetch resource.
JavaScript error: , line 0: TypeError: NetworkError when attempting to fetch resource.
1652827190695	Marionette	INFO	Stopped listening on port 35643

###!!! [Parent][PContentParent] Error: Send(msgname=PContent::Reply_DiscardBrowsingContext) Closed channel: cannot send/recv


###!!! [Parent][PContentParent] Error: Send(msgname=PContent::Reply_DiscardBrowsingContext) Closed channel: cannot send/recv


###!!! [Parent][PContentParent] Error: Send(msgname=PContent::Msg_DestroyBrowsingContextGroup) Closed channel: cannot send/recv

1652845378355	geckodriver	INFO	Listening on 127.0.0.1:60325
1652845378677	mozrunner::runner	INFO	Running command: "/usr/bin/firefox" "--marionette" "--headless" "--disable-dev-shm-usage" "--no-sandbox" "--remote-debugging-port" "46345" "--remote-allow-hosts" "localhost" "-no-remote" "-profile" "/tmp/rust_mozprofilegzbHoP"
*** You are running in headless mode.
[GFX1-]: glxtest: Unable to open a connection to the X server
[GFX1-]: glxtest: libEGL missing
1652845387156	Marionette	INFO	Marionette enabled
[GFX1-]: RenderCompositorSWGL failed mapping default framebuffer, no dt
console.warn: SearchSettings: "get: No settings file exists, new profile?" (new NotFoundError("Could not open the file at /tmp/rust_mozprofilegzbHoP/search.json.mozlz4", (void 0)))
DevTools listening on ws://localhost:46345/devtools/browser/b1e59b95-3859-4842-8f2c-b32a689fcfbe
1652845392432	Marionette	INFO	Listening on port 33869
Read port: 33869
1652845392551	RemoteAgent	WARN	TLS certificate errors will be ignored for this session
JavaScript warning: https://www.xe.com/_next/static/chunks/commons.c5900dfeb0c4c9dc8f03.js, line 1: unreachable code after return statement
JavaScript warning: https://cdn.flashtalking.com/frameworks/js/api/2/10/html5API.js, line 1: WebGL warning: <Create>: WebglAllowWindowsNativeGl:false restricts context creation on this system.
JavaScript warning: https://cdn.flashtalking.com/frameworks/js/api/2/10/html5API.js, line 1: Failed to create WebGL context: WebGL creation failed: 
* WebglAllowWindowsNativeGl:false restricts context creation on this system. ()
* Exhausted GL driver options. (FEATURE_FAILURE_WEBGL_EXHAUSTED_DRIVERS)
JavaScript warning: https://z.moatads.com/acronymusdcm96279568658/moatad.js#moatClientLevel1=24363961&moatClientLevel2=2375614&moatClientLevel3=276950413&moatClientLevel4=157557720&zMoatG=ct=US&st=VA&city=0&dma=62&zp=&bw=4&zMoatADV=5239943&zMoatENV=i, line 242: WebGL warning: <Create>: WebglAllowWindowsNativeGl:false restricts context creation on this system.
JavaScript warning: https://z.moatads.com/acronymusdcm96279568658/moatad.js#moatClientLevel1=24363961&moatClientLevel2=2375614&moatClientLevel3=276950413&moatClientLevel4=157557720&zMoatG=ct=US&st=VA&city=0&dma=62&zp=&bw=4&zMoatADV=5239943&zMoatENV=i, line 242: Failed to create WebGL context: WebGL creation failed: 
* WebglAllowWindowsNativeGl:false restricts context creation on this system. ()
* Exhausted GL driver options. (FEATURE_FAILURE_WEBGL_EXHAUSTED_DRIVERS)
JavaScript warning: https://z.moatads.com/acronymusdcm96279568658/moatad.js#moatClientLevel1=24363961&moatClientLevel2=2375614&moatClientLevel3=276950413&moatClientLevel4=157557720&zMoatG=ct=US&st=VA&city=0&dma=62&zp=&bw=4&zMoatADV=5239943&zMoatENV=i, line 242: WebGL warning: <Create>: WebglAllowWindowsNativeGl:false restricts context creation on this system.
JavaScript warning: https://z.moatads.com/acronymusdcm96279568658/moatad.js#moatClientLevel1=24363961&moatClientLevel2=2375614&moatClientLevel3=276950413&moatClientLevel4=157557720&zMoatG=ct=US&st=VA&city=0&dma=62&zp=&bw=4&zMoatADV=5239943&zMoatENV=i, line 242: Failed to create WebGL context: WebGL creation failed: 
* WebglAllowWindowsNativeGl:false restricts context creation on this system. ()
* Exhausted GL driver options. (FEATURE_FAILURE_WEBGL_EXHAUSTED_DRIVERS)
1652845397843	Marionette	WARN	Ignoring event 'DOMContentLoaded' because document has an invalid readyState of 'complete'.
1652845397845	Marionette	WARN	Ignoring event 'DOMContentLoaded' because document has an invalid readyState of 'complete'.
1652845397859	Marionette	WARN	Ignoring event 'DOMContentLoaded' because document has an invalid readyState of 'complete'.
JavaScript error: , line 0: uncaught exception: 7
JavaScript warning: https://pagead2.googlesyndication.com/bg/Yd3cEgPtLOfKcy7GxWkHziCM9jl-6RVWGk-YTJsF5Kc.js line 1 > eval line 2282 > eval line 1 > eval line 1 > eval, line 1: WebGL warning: <Create>: WebglAllowWindowsNativeGl:false restricts context creation on this system.
JavaScript warning: https://pagead2.googlesyndication.com/bg/Yd3cEgPtLOfKcy7GxWkHziCM9jl-6RVWGk-YTJsF5Kc.js line 1 > eval line 2282 > eval line 1 > eval line 1 > eval, line 1: Failed to create WebGL context: WebGL creation failed: 
* WebglAllowWindowsNativeGl:false restricts context creation on this system. ()
* Exhausted GL driver options. (FEATURE_FAILURE_WEBGL_EXHAUSTED_DRIVERS)
JavaScript warning: https://pagead2.googlesyndication.com/bg/Yd3cEgPtLOfKcy7GxWkHziCM9jl-6RVWGk-YTJsF5Kc.js line 1 > eval line 1180 > eval line 1 > eval line 1 > eval, line 1: WebGL warning: <Create>: WebglAllowWindowsNativeGl:false restricts context creation on this system.
JavaScript warning: https://pagead2.googlesyndication.com/bg/Yd3cEgPtLOfKcy7GxWkHziCM9jl-6RVWGk-YTJsF5Kc.js line 1 > eval line 1180 > eval line 1 > eval line 1 > eval, line 1: Failed to create WebGL context: WebGL creation failed: 
* WebglAllowWindowsNativeGl:false restricts context creation on this system. ()
* Exhausted GL driver options. (FEATURE_FAILURE_WEBGL_EXHAUSTED_DRIVERS)
JavaScript error: , line 0: TypeError: NetworkError when attempting to fetch resource.
1652845448353	Marionette	INFO	Stopped listening on port 33869

###!!! [Parent][PContentParent] Error: Send(msgname=PContent::Reply_DiscardBrowsingContext) Closed channel: cannot send/recv


###!!! [Parent][PContentParent] Error: Send(msgname=PContent::Reply_DiscardBrowsingContext) Closed channel: cannot send/recv


###!!! [Child][PContentChild] Error: RunMessage(msgname=PContent::Msg_DiscardBrowsingContext) Channel closing: too late to send/recv, messages will be lost


###!!! [Child][PContentChild] Error: RunMessage(msgname=PContent::Msg_DiscardBrowsingContext) Channel closing: too late to send/recv, messages will be lost


###!!! [Parent][PContentParent] Error: Send(msgname=PContent::Msg_DestroyBrowsingContextGroup) Closed channel: cannot send/recv


###!!! [Child][PContentChild] Error: RunMessage(msgname=PContent::Reply_DiscardBrowsingContext) Channel closing: too late to send/recv, messages will be lost

1652913496613	geckodriver	INFO	Listening on 127.0.0.1:34773
1652913497008	mozrunner::runner	INFO	Running command: "/usr/bin/firefox" "--marionette" "--headless" "--disable-dev-shm-usage" "--no-sandbox" "--remote-debugging-port" "42225" "--remote-allow-hosts" "localhost" "-no-remote" "-profile" "/tmp/rust_mozprofilepO6lyg"
*** You are running in headless mode.
[GFX1-]: glxtest: Unable to open a connection to the X server
[GFX1-]: glxtest: libEGL missing
1652913505154	Marionette	INFO	Marionette enabled
[GFX1-]: RenderCompositorSWGL failed mapping default framebuffer, no dt
console.warn: SearchSettings: "get: No settings file exists, new profile?" (new NotFoundError("Could not open the file at /tmp/rust_mozprofilepO6lyg/search.json.mozlz4", (void 0)))
DevTools listening on ws://localhost:42225/devtools/browser/c35f5220-3fc9-41bd-a683-4512d4a780da
1652913509831	Marionette	INFO	Listening on port 41927
Read port: 41927
1652913509932	RemoteAgent	WARN	TLS certificate errors will be ignored for this session
JavaScript warning: https://www.xe.com/_next/static/chunks/commons.c5900dfeb0c4c9dc8f03.js, line 1: unreachable code after return statement
JavaScript warning: https://cdn.flashtalking.com/frameworks/js/api/2/10/html5API.js, line 1: WebGL warning: <Create>: WebglAllowWindowsNativeGl:false restricts context creation on this system.
JavaScript warning: https://cdn.flashtalking.com/frameworks/js/api/2/10/html5API.js, line 1: Failed to create WebGL context: WebGL creation failed: 
* WebglAllowWindowsNativeGl:false restricts context creation on this system. ()
* Exhausted GL driver options. (FEATURE_FAILURE_WEBGL_EXHAUSTED_DRIVERS)
JavaScript warning: https://z.moatads.com/acronymusdcm96279568658/moatad.js#moatClientLevel1=24363961&moatClientLevel2=2375614&moatClientLevel3=276951049&moatClientLevel4=150300462&zMoatG=ct=US&st=VA&city=0&dma=62&zp=&bw=3&zMoatADV=5239943&zMoatENV=i, line 242: WebGL warning: <Create>: WebglAllowWindowsNativeGl:false restricts context creation on this system.
JavaScript warning: https://z.moatads.com/acronymusdcm96279568658/moatad.js#moatClientLevel1=24363961&moatClientLevel2=2375614&moatClientLevel3=276951049&moatClientLevel4=150300462&zMoatG=ct=US&st=VA&city=0&dma=62&zp=&bw=3&zMoatADV=5239943&zMoatENV=i, line 242: Failed to create WebGL context: WebGL creation failed: 
* WebglAllowWindowsNativeGl:false restricts context creation on this system. ()
* Exhausted GL driver options. (FEATURE_FAILURE_WEBGL_EXHAUSTED_DRIVERS)
JavaScript warning: https://z.moatads.com/acronymusdcm96279568658/moatad.js#moatClientLevel1=24363961&moatClientLevel2=2375614&moatClientLevel3=276951049&moatClientLevel4=150300462&zMoatG=ct=US&st=VA&city=0&dma=62&zp=&bw=3&zMoatADV=5239943&zMoatENV=i, line 242: WebGL warning: <Create>: WebglAllowWindowsNativeGl:false restricts context creation on this system.
JavaScript warning: https://z.moatads.com/acronymusdcm96279568658/moatad.js#moatClientLevel1=24363961&moatClientLevel2=2375614&moatClientLevel3=276951049&moatClientLevel4=150300462&zMoatG=ct=US&st=VA&city=0&dma=62&zp=&bw=3&zMoatADV=5239943&zMoatENV=i, line 242: Failed to create WebGL context: WebGL creation failed: 
* WebglAllowWindowsNativeGl:false restricts context creation on this system. ()
* Exhausted GL driver options. (FEATURE_FAILURE_WEBGL_EXHAUSTED_DRIVERS)
1652913515479	Marionette	WARN	Ignoring event 'DOMContentLoaded' because document has an invalid readyState of 'complete'.
JavaScript error: , line 0: uncaught exception: 7
JavaScript warning: https://pagead2.googlesyndication.com/bg/Yd3cEgPtLOfKcy7GxWkHziCM9jl-6RVWGk-YTJsF5Kc.js line 1 > eval line 3445 > eval line 1 > eval line 1 > eval, line 1: WebGL warning: <Create>: WebglAllowWindowsNativeGl:false restricts context creation on this system.
JavaScript warning: https://pagead2.googlesyndication.com/bg/Yd3cEgPtLOfKcy7GxWkHziCM9jl-6RVWGk-YTJsF5Kc.js line 1 > eval line 3445 > eval line 1 > eval line 1 > eval, line 1: Failed to create WebGL context: WebGL creation failed: 
* WebglAllowWindowsNativeGl:false restricts context creation on this system. ()
* Exhausted GL driver options. (FEATURE_FAILURE_WEBGL_EXHAUSTED_DRIVERS)
JavaScript warning: https://pagead2.googlesyndication.com/bg/Yd3cEgPtLOfKcy7GxWkHziCM9jl-6RVWGk-YTJsF5Kc.js line 1 > eval line 2791 > eval line 1 > eval line 1 > eval, line 1: WebGL warning: <Create>: WebglAllowWindowsNativeGl:false restricts context creation on this system.
JavaScript warning: https://pagead2.googlesyndication.com/bg/Yd3cEgPtLOfKcy7GxWkHziCM9jl-6RVWGk-YTJsF5Kc.js line 1 > eval line 2791 > eval line 1 > eval line 1 > eval, line 1: Failed to create WebGL context: WebGL creation failed: 
* WebglAllowWindowsNativeGl:false restricts context creation on this system. ()
* Exhausted GL driver options. (FEATURE_FAILURE_WEBGL_EXHAUSTED_DRIVERS)
JavaScript error: , line 0: TypeError: NetworkError when attempting to fetch resource.
JavaScript error: , line 0: TypeError: NetworkError when attempting to fetch resource.
1652913565799	Marionette	INFO	Stopped listening on port 41927

###!!! [Parent][PContentParent] Error: Send(msgname=PContent::Reply_DiscardBrowsingContext) Closed channel: cannot send/recv


###!!! [Parent][PContentParent] Error: Send(msgname=PContent::Msg_DestroyBrowsingContextGroup) Closed channel: cannot send/recv


###!!! [Parent][PContentParent] Error: Send(msgname=PContent::Reply_DiscardBrowsingContext) Closed channel: cannot send/recv


###!!! [Child][PContentChild] Error: RunMessage(msgname=PContent::Msg_DiscardBrowsingContext) Channel closing: too late to send/recv, messages will be lost


###!!! [Child][PContentChild] Error: RunMessage(msgname=PContent::Reply_DiscardBrowsingContext) Channel closing: too late to send/recv, messages will be lost


###!!! [Child][PContentChild] Error: RunMessage(msgname=PHttpChannel::Msg_DeleteSelf) Channel closing: too late to send/recv, messages will be lost


###!!! [Child][PContentChild] Error: RunMessage(msgname=PWebSocket::Msg___delete__) Channel closing: too late to send/recv, messages will be lost

1652931828106	geckodriver	INFO	Listening on 127.0.0.1:37529
1652931828319	mozrunner::runner	INFO	Running command: "/usr/bin/firefox" "--marionette" "--headless" "--disable-dev-shm-usage" "--no-sandbox" "--remote-debugging-port" "41493" "--remote-allow-hosts" "localhost" "-no-remote" "-profile" "/tmp/rust_mozprofileooryF6"
*** You are running in headless mode.
[GFX1-]: glxtest: Unable to open a connection to the X server
[GFX1-]: glxtest: libEGL missing
1652931828902	Marionette	INFO	Marionette enabled
[GFX1-]: RenderCompositorSWGL failed mapping default framebuffer, no dt
console.warn: SearchSettings: "get: No settings file exists, new profile?" (new NotFoundError("Could not open the file at /tmp/rust_mozprofileooryF6/search.json.mozlz4", (void 0)))
DevTools listening on ws://localhost:41493/devtools/browser/c815699e-8bb4-4904-a4f7-fb71086707db
1652931830231	Marionette	INFO	Listening on port 40289
Read port: 40289
1652931830346	RemoteAgent	WARN	TLS certificate errors will be ignored for this session
JavaScript warning: https://www.xe.com/_next/static/chunks/commons.c5900dfeb0c4c9dc8f03.js, line 1: unreachable code after return statement
JavaScript warning: https://cdn.flashtalking.com/frameworks/js/api/2/10/html5API.js, line 1: WebGL warning: <Create>: WebglAllowWindowsNativeGl:false restricts context creation on this system.
JavaScript warning: https://cdn.flashtalking.com/frameworks/js/api/2/10/html5API.js, line 1: Failed to create WebGL context: WebGL creation failed: 
* WebglAllowWindowsNativeGl:false restricts context creation on this system. ()
* Exhausted GL driver options. (FEATURE_FAILURE_WEBGL_EXHAUSTED_DRIVERS)
JavaScript warning: https://pagead2.googlesyndication.com/bg/NhRng2ZenZRcaPRuU0zAmqgyTOhBGXWeehn8uWk0bEI.js line 1 > eval line 6474 > eval line 1 > eval line 1 > eval, line 1: WebGL warning: <Create>: WebglAllowWindowsNativeGl:false restricts context creation on this system.
JavaScript warning: https://pagead2.googlesyndication.com/bg/NhRng2ZenZRcaPRuU0zAmqgyTOhBGXWeehn8uWk0bEI.js line 1 > eval line 6474 > eval line 1 > eval line 1 > eval, line 1: Failed to create WebGL context: WebGL creation failed: 
* WebglAllowWindowsNativeGl:false restricts context creation on this system. ()
* Exhausted GL driver options. (FEATURE_FAILURE_WEBGL_EXHAUSTED_DRIVERS)
JavaScript error: , line 0: TypeError: NetworkError when attempting to fetch resource.
1652931887001	Marionette	INFO	Stopped listening on port 40289

###!!! [Parent][PContentParent] Error: Send(msgname=PContent::Reply_DiscardBrowsingContext) Closed channel: cannot send/recv


###!!! [Parent][PContentParent] Error: Send(msgname=PContent::Reply_DiscardBrowsingContext) Closed channel: cannot send/recv


###!!! [Parent][PContentParent] Error: Send(msgname=PContent::Msg_DestroyBrowsingContextGroup) Closed channel: cannot send/recv


###!!! [Child][PContentChild] Error: Send(msgname=PBrowser::Msg___delete__) Channel closing: too late to send/recv, messages will be lost


###!!! [Child][PContentChild] Error: RunMessage(msgname=PContent::Msg_DiscardBrowsingContext) Channel closing: too late to send/recv, messages will be lost


###!!! [Child][PContentChild] Error: RunMessage(msgname=PContent::Msg_DiscardBrowsingContext) Channel closing: too late to send/recv, messages will be lost


###!!! [Child][PContentChild] Error: RunMessage(msgname=PContent::Reply_DiscardBrowsingContext) Channel closing: too late to send/recv, messages will be lost


###!!! [Child][PContentChild] Error: RunMessage(msgname=PHttpChannel::Msg_DeleteSelf) Channel closing: too late to send/recv, messages will be lost

